<?xml version="1.0" encoding="UTF-8"?>
<!-- Generated by org.testng.reporters.JUnitReportReporter -->
<testsuite skipped="0" hostname="WHM0004922.local" name="com.testPages.PetstoreTest" tests="4" failures="0" timestamp="2021-02-03T13:39:56 CET" time="4.453" errors="0">
  <testcase name="validateAddPetTest" time="1.975" classname="com.testPages.PetstoreTest"/>
  <system-out>
Url is --https://petstore.swagger.io/v2/pet Pet details received from server is : {
    "id": 9222968140497037138,
    "category": {
        "id": 0,
        "name": "string"
    },
    "name": "doggie",
    "photoUrls": [
        "string"
    ],
    "tags": [
        {
            "id": 0,
            "name": "string"
        }
    ],
    "status": "available"
} Status code is  :200 Successfully added new pet in store  </system-out>
  <testcase name="validateUpdatePetTest" time="1.037" classname="com.testPages.PetstoreTest"/>
  <system-out>
Pet details received from server is : {
    "code": 200,
    "type": "unknown",
    "message": "20"
} Status code is  :200 Pet updated successfully  </system-out>
  <testcase name="validateGetPetTest" time="0.721" classname="com.testPages.PetstoreTest"/>
  <system-out>
Pet details received from server is : {
    "id": 20,
    "category": {
        "id": 0,
        "name": "Neeraj"
    },
    "name": "CTS",
    "photoUrls": [
        "string"
    ],
    "tags": [
        {
            "id": 0,
            "name": "string"
        }
    ],
    "status": "velit commodo in"
} Status code is  :200 Successfully received pet data from Pet store.  </system-out>
  <testcase name="validateDeletePetTest" time="0.720" classname="com.testPages.PetstoreTest"/>
  <system-out>
Pet details received from server is : {
    "code": 200,
    "type": "unknown",
    "message": "20"
} Status code is  :200 Pet deleted successfully..  </system-out>
</testsuite> <!-- com.testPages.PetstoreTest -->
